Using pre-set license

 COMMAND LINE ARGUMENTS:
/Applications/Unity/Hub/Editor/2020.3.15f2/Unity.app/Contents/MacOS/Unity
-adb2
-batchMode
-noUpm
-name
AssetImportWorker18
-projectPath
/Users/melissawhisky/Desktop/Unity projects/ActionRPG
-logFile
Logs/AssetImportWorker18.log
-srvPort
65365
Successfully changed project path to: /Users/melissawhisky/Desktop/Unity projects/ActionRPG
/Users/melissawhisky/Desktop/Unity projects/ActionRPG
Using Asset Import Pipeline V2.
Refreshing native plugins compatible for Editor in 132.39 ms, found 2 plugins.
Preloading 0 native plugins for Editor in 0.00 ms.
Initialize engine version: 2020.3.15f2 (6cf78cb77498)
[Subsystems] Discovering subsystems at path /Applications/Unity/Hub/Editor/2020.3.15f2/Unity.app/Contents/Resources/UnitySubsystems
[Subsystems] Discovering subsystems at path /Users/melissawhisky/Desktop/Unity projects/ActionRPG/Assets
GfxDevice: creating device client; threaded=0
2021-08-25 12:38:15.528 Unity[73219:6320751] iMac preferred device: AMD Radeon Pro 555X (high power)
2021-08-25 12:38:15.528 Unity[73219:6320751] Metal devices available: 1
2021-08-25 12:38:15.528 Unity[73219:6320751] 0: AMD Radeon Pro 555X (high power)
2021-08-25 12:38:15.528 Unity[73219:6320751] Using device AMD Radeon Pro 555X (high power)
Initializing Metal device caps: AMD Radeon Pro 555X
Initialize mono
Mono path[0] = '/Applications/Unity/Hub/Editor/2020.3.15f2/Unity.app/Contents/Managed'
Mono path[1] = '/Applications/Unity/Hub/Editor/2020.3.15f2/Unity.app/Contents/MonoBleedingEdge/lib/mono/unityjit'
Mono config path = '/Applications/Unity/Hub/Editor/2020.3.15f2/Unity.app/Contents/MonoBleedingEdge/etc'
Using monoOptions --debugger-agent=transport=dt_socket,embedding=1,server=y,suspend=n,address=127.0.0.1:56219
Begin MonoManager ReloadAssembly
Registering precompiled unity dll's ...
Register platform support module: /Applications/Unity/Hub/Editor/2020.3.15f2/Unity.app/Contents/PlaybackEngines/MacStandaloneSupport/UnityEditor.OSXStandalone.Extensions.dll
Register platform support module: /Applications/Unity/Hub/Editor/2020.3.15f2/PlaybackEngines/WindowsStandaloneSupport/UnityEditor.WindowsStandalone.Extensions.dll
Registered in 0.000703 seconds.
Native extension for WindowsStandalone target not found
Native extension for OSXStandalone target not found
Refreshing native plugins compatible for Editor in 33.87 ms, found 2 plugins.
Preloading 0 native plugins for Editor in 0.00 ms.
Mono: successfully reloaded assembly
- Completed reload, in 11.484 seconds
Domain Reload Profiling:
	ReloadAssembly (11484ms)
		BeginReloadAssembly (50ms)
			ExecutionOrderSort (0ms)
			DisableScriptedObjects (0ms)
			BackupInstance (0ms)
			ReleaseScriptingObjects (0ms)
			CreateAndSetChildDomain (1ms)
		EndReloadAssembly (542ms)
			LoadAssemblies (49ms)
			RebuildTransferFunctionScriptingTraits (0ms)
			SetupTypeCache (211ms)
			ReleaseScriptCaches (0ms)
			RebuildScriptCaches (46ms)
			SetupLoadedEditorAssemblies (226ms)
				LogAssemblyErrors (0ms)
				InitializePlatformSupportModulesInManaged (5ms)
				SetLoadedEditorAssemblies (0ms)
				RefreshPlugins (34ms)
				BeforeProcessingInitializeOnLoad (48ms)
				ProcessInitializeOnLoadAttributes (107ms)
				ProcessInitializeOnLoadMethodAttributes (32ms)
				AfterProcessingInitializeOnLoad (0ms)
				EditorAssembliesLoaded (0ms)
			ExecutionOrderSort2 (0ms)
			AwakeInstancesAfterBackupRestoration (0ms)
Platform modules already initialized, skipping
Registering precompiled user dll's ...
Registered in 0.670832 seconds.
Begin MonoManager ReloadAssembly
Native extension for WindowsStandalone target not found
Native extension for OSXStandalone target not found
Refreshing native plugins compatible for Editor in 0.40 ms, found 2 plugins.
Preloading 0 native plugins for Editor in 0.00 ms.
Refreshing native plugins compatible for Editor in 0.36 ms, found 2 plugins.
Mono: successfully reloaded assembly
- Completed reload, in  2.718 seconds
Domain Reload Profiling:
	ReloadAssembly (2751ms)
		BeginReloadAssembly (187ms)
			ExecutionOrderSort (0ms)
			DisableScriptedObjects (6ms)
			BackupInstance (0ms)
			ReleaseScriptingObjects (0ms)
			CreateAndSetChildDomain (36ms)
		EndReloadAssembly (2469ms)
			LoadAssemblies (1272ms)
			RebuildTransferFunctionScriptingTraits (0ms)
			SetupTypeCache (365ms)
			ReleaseScriptCaches (0ms)
			RebuildScriptCaches (59ms)
			SetupLoadedEditorAssemblies (611ms)
				LogAssemblyErrors (0ms)
				InitializePlatformSupportModulesInManaged (28ms)
				SetLoadedEditorAssemblies (1ms)
				RefreshPlugins (0ms)
				BeforeProcessingInitializeOnLoad (80ms)
				ProcessInitializeOnLoadAttributes (495ms)
				ProcessInitializeOnLoadMethodAttributes (5ms)
				AfterProcessingInitializeOnLoad (1ms)
				EditorAssembliesLoaded (0ms)
			ExecutionOrderSort2 (0ms)
			AwakeInstancesAfterBackupRestoration (8ms)
Platform modules already initialized, skipping
========================================================================
Worker process is ready to serve import requests
Launching external process: /Applications/Unity/Hub/Editor/2020.3.15f2/Unity.app/Contents/Tools/UnityShaderCompiler
Launched and connected shader compiler UnityShaderCompiler after 0.05 seconds
Refreshing native plugins compatible for Editor in 0.49 ms, found 2 plugins.
Preloading 0 native plugins for Editor in 0.00 ms.
Unloading 1459 Unused Serialized files (Serialized files now loaded: 0)
System memory in use before: 165.3 MB.
System memory in use after: 164.9 MB.

Unloading 28 unused Assets to reduce memory usage. Loaded Objects now: 1908.
Total: 2.513882 ms (FindLiveObjects: 0.179622 ms CreateObjectMapping: 0.053380 ms MarkObjects: 1.771321 ms  DeleteObjects: 0.508645 ms)

AssetImportParameters requested are different than current active one (requested -> active):
  custom:video-decoder-ogg-theora: a1e56fd34408186e4bbccfd4996cb3dc -> 
  custom:container-muxer-webm: aa71ff27fc2769a1b78a27578f13a17b -> 
  custom:container-demuxer-webm: 4f35f7cbe854078d1ac9338744f61a02 -> 
  custom:container-demuxer-ogg: 62fdf1f143b41e24485cea50d1cbac27 -> 
  custom:video-encoder-webm-vp8: eb34c28f22e8b96e1ab97ce403110664 -> 
  custom:framework-osx-AVFoundation: e770b220cccbd017edd2c1fefb359320 -> 
  custom:video-decoder-webm-vp8: 9c59270c3fd7afecdb556c50c9e8de78 -> 
  custom:audio-decoder-ogg-vorbis: bf7c407c2cedff20999df2af8eb42d56 -> 
  custom:audio-encoder-webm-vorbis: bf7c407c2cedff20999df2af8eb42d56 -> 
========================================================================
Received Import Request.
  path: Assets/NatureStarterKit2/Scene
  artifactKey: Guid(406b7a5b7a9ba0b41bf47a649b017346) Importer(815301076,1909f56bfc062723c751e8b465ee728b)
Start importing Assets/NatureStarterKit2/Scene using Guid(406b7a5b7a9ba0b41bf47a649b017346) Importer(815301076,1909f56bfc062723c751e8b465ee728b)  -> (artifact id: '10eba880d304fe1f5b0d821ab113f694') in 0.076780 seconds 
  Import took 0.244869 seconds .

========================================================================
Received Import Request.
  Time since last request: 0.000339 seconds.
  path: Assets/Scripts/Player.cs
  artifactKey: Guid(91fb00d4d32b940b08e1bd763f453120) Importer(815301076,1909f56bfc062723c751e8b465ee728b)
Start importing Assets/Scripts/Player.cs using Guid(91fb00d4d32b940b08e1bd763f453120) Importer(815301076,1909f56bfc062723c751e8b465ee728b)  -> (artifact id: '1f063dad11270cbd4b9c51b0bd648e65') in 3.934224 seconds 
  Import took 4.015390 seconds .

========================================================================
Received Import Request.
  Time since last request: 0.000287 seconds.
  path: Assets/NatureStarterKit2/Scene/SecondaryTerrain.asset
  artifactKey: Guid(7f570b916f436aa4c9d4676e57349fd4) Importer(815301076,1909f56bfc062723c751e8b465ee728b)
Start importing Assets/NatureStarterKit2/Scene/SecondaryTerrain.asset using Guid(7f570b916f436aa4c9d4676e57349fd4) Importer(815301076,1909f56bfc062723c751e8b465ee728b)  -> (artifact id: '9d83146780594d040ee92196a2b7231d') in 5.804190 seconds 
  Import took 5.838025 seconds .

========================================================================
Received Import Request.
  Time since last request: 0.000204 seconds.
  path: Assets/NatureStarterKit2/Scene/New Terrain.asset
  artifactKey: Guid(32620d2a18d1d6543869088db9e2d1c5) Importer(815301076,1909f56bfc062723c751e8b465ee728b)
Start importing Assets/NatureStarterKit2/Scene/New Terrain.asset using Guid(32620d2a18d1d6543869088db9e2d1c5) Importer(815301076,1909f56bfc062723c751e8b465ee728b)  -> (artifact id: '3ecd05c0cbe07554e590254ccd74ddc2') in 0.797320 seconds 
  Import took 0.863473 seconds .

========================================================================
Received Prepare
Registering precompiled user dll's ...
Registered in 0.575475 seconds.
Begin MonoManager ReloadAssembly
Native extension for WindowsStandalone target not found
Native extension for OSXStandalone target not found
Refreshing native plugins compatible for Editor in 0.37 ms, found 2 plugins.
Preloading 0 native plugins for Editor in 0.00 ms.
Refreshing native plugins compatible for Editor in 0.37 ms, found 2 plugins.
Mono: successfully reloaded assembly
- Completed reload, in  1.927 seconds
Domain Reload Profiling:
	ReloadAssembly (1938ms)
		BeginReloadAssembly (192ms)
			ExecutionOrderSort (0ms)
			DisableScriptedObjects (7ms)
			BackupInstance (0ms)
			ReleaseScriptingObjects (0ms)
			CreateAndSetChildDomain (83ms)
		EndReloadAssembly (1666ms)
			LoadAssemblies (625ms)
			RebuildTransferFunctionScriptingTraits (0ms)
			SetupTypeCache (389ms)
			ReleaseScriptCaches (1ms)
			RebuildScriptCaches (56ms)
			SetupLoadedEditorAssemblies (459ms)
				LogAssemblyErrors (0ms)
				InitializePlatformSupportModulesInManaged (6ms)
				SetLoadedEditorAssemblies (1ms)
				RefreshPlugins (0ms)
				BeforeProcessingInitializeOnLoad (77ms)
				ProcessInitializeOnLoadAttributes (368ms)
				ProcessInitializeOnLoadMethodAttributes (5ms)
				AfterProcessingInitializeOnLoad (2ms)
				EditorAssembliesLoaded (0ms)
			ExecutionOrderSort2 (0ms)
			AwakeInstancesAfterBackupRestoration (8ms)
Platform modules already initialized, skipping
Refreshing native plugins compatible for Editor in 0.41 ms, found 2 plugins.
Preloading 0 native plugins for Editor in 0.00 ms.
Unloading 1446 Unused Serialized files (Serialized files now loaded: 0)
System memory in use before: 173.4 MB.
System memory in use after: 172.9 MB.

Unloading 23 unused Assets to reduce memory usage. Loaded Objects now: 1912.
Total: 2.618268 ms (FindLiveObjects: 0.241352 ms CreateObjectMapping: 0.058098 ms MarkObjects: 1.807671 ms  DeleteObjects: 0.510280 ms)

AssetImportParameters requested are different than current active one (requested -> active):
  custom:video-decoder-ogg-theora: a1e56fd34408186e4bbccfd4996cb3dc -> 
  custom:container-muxer-webm: aa71ff27fc2769a1b78a27578f13a17b -> 
  custom:container-demuxer-webm: 4f35f7cbe854078d1ac9338744f61a02 -> 
  custom:container-demuxer-ogg: 62fdf1f143b41e24485cea50d1cbac27 -> 
  custom:video-encoder-webm-vp8: eb34c28f22e8b96e1ab97ce403110664 -> 
  custom:framework-osx-AVFoundation: e770b220cccbd017edd2c1fefb359320 -> 
  custom:video-decoder-webm-vp8: 9c59270c3fd7afecdb556c50c9e8de78 -> 
  custom:audio-decoder-ogg-vorbis: bf7c407c2cedff20999df2af8eb42d56 -> 
  custom:audio-encoder-webm-vorbis: bf7c407c2cedff20999df2af8eb42d56 -> 
========================================================================
Received Import Request.
  Time since last request: 1003.070514 seconds.
  path: Assets
  artifactKey: Guid(00000000000000001000000000000000) Importer(815301076,1909f56bfc062723c751e8b465ee728b)
Start importing Assets using Guid(00000000000000001000000000000000) Importer(815301076,1909f56bfc062723c751e8b465ee728b)  -> (artifact id: '42d402b061de3733987d63b9cc3b64de') in 0.031952 seconds 
  Import took 0.146316 seconds .

========================================================================
Received Import Request.
  Time since last request: 127.443404 seconds.
  path: Assets/Models
  artifactKey: Guid(ece9b23dc587443e8809f2291bf02b52) Importer(815301076,1909f56bfc062723c751e8b465ee728b)
Start importing Assets/Models using Guid(ece9b23dc587443e8809f2291bf02b52) Importer(815301076,1909f56bfc062723c751e8b465ee728b)  -> (artifact id: 'af025029b1f88cab521d6dcc8db3614c') in 0.028682 seconds 
  Import took 0.068531 seconds .

========================================================================
Received Import Request.
  Time since last request: 1.006238 seconds.
  path: Assets/Models/Player
  artifactKey: Guid(da7d2d29983124803b344b98d9bd2c94) Importer(815301076,1909f56bfc062723c751e8b465ee728b)
Start importing Assets/Models/Player using Guid(da7d2d29983124803b344b98d9bd2c94) Importer(815301076,1909f56bfc062723c751e8b465ee728b)  -> (artifact id: 'ba9b836646e31b1de7ce5ccb683c9a86') in 0.022365 seconds 
  Import took 0.071897 seconds .

========================================================================
Received Import Request.
  Time since last request: 0.237069 seconds.
  path: Assets/Models/Player/paladin_prop_j_nordstrom.fbx
  artifactKey: Guid(14dffa6f3beb045eb81bc436a8577ed5) Importer(815301076,1909f56bfc062723c751e8b465ee728b)
Start importing Assets/Models/Player/paladin_prop_j_nordstrom.fbx using Guid(14dffa6f3beb045eb81bc436a8577ed5) Importer(815301076,1909f56bfc062723c751e8b465ee728b)  -> (artifact id: 'cd6574db3a70608075370df268ba0c89') in 6.220447 seconds 
  Import took 6.322098 seconds .

========================================================================
Received Import Request.
  Time since last request: 53.533946 seconds.
  path: Assets/Models/Player/Paladin_diffuse.png
  artifactKey: Guid(1c04862dcfa664aeaa9d883c2f766535) Importer(815301076,1909f56bfc062723c751e8b465ee728b)
Start importing Assets/Models/Player/Paladin_diffuse.png using Guid(1c04862dcfa664aeaa9d883c2f766535) Importer(815301076,1909f56bfc062723c751e8b465ee728b)  -> (artifact id: '469ce3d64da5392d15543365c8965756') in 7.391501 seconds 
  Import took 7.540345 seconds .

========================================================================
Received Import Request.
  Time since last request: 0.368168 seconds.
  path: Assets/Models/Player/Paladin_normal.png
  artifactKey: Guid(3036151b17f654d9dabeb416f84070cd) Importer(815301076,1909f56bfc062723c751e8b465ee728b)
Start importing Assets/Models/Player/Paladin_normal.png using Guid(3036151b17f654d9dabeb416f84070cd) Importer(815301076,1909f56bfc062723c751e8b465ee728b)  -> (artifact id: '6c08325fa86ff80cce521546b46d75c4') in 1.566929 seconds 
  Import took 1.688597 seconds .

========================================================================
Received Import Request.
  Time since last request: 0.000311 seconds.
  path: Assets/Models/Player/paladin_prop_j_nordstrom.fbx
  artifactKey: Guid(14dffa6f3beb045eb81bc436a8577ed5) Importer(815301076,1909f56bfc062723c751e8b465ee728b)
Start importing Assets/Models/Player/paladin_prop_j_nordstrom.fbx using Guid(14dffa6f3beb045eb81bc436a8577ed5) Importer(815301076,1909f56bfc062723c751e8b465ee728b)  -> (artifact id: '3e03e3ff6902057c232b955b507c2081') in 0.192768 seconds 
  Import took 0.219051 seconds .

========================================================================
Received Import Request.
  Time since last request: 0.000216 seconds.
  path: Assets/Models/Player/Paladin_specular.png
  artifactKey: Guid(49a636629f1e442749fff40ea693e9d5) Importer(815301076,1909f56bfc062723c751e8b465ee728b)
Start importing Assets/Models/Player/Paladin_specular.png using Guid(49a636629f1e442749fff40ea693e9d5) Importer(815301076,1909f56bfc062723c751e8b465ee728b)  -> (artifact id: '0a378335a913a53d03789a90e25566a9') in 0.128840 seconds 
  Import took 0.277165 seconds .

========================================================================
Received Import Request.
  Time since last request: 4.661517 seconds.
  path: Assets/Models/Player/Paladin_MAT.mat
  artifactKey: Guid(a897e643f0ee449d9baf18b86a7fd125) Importer(815301076,1909f56bfc062723c751e8b465ee728b)
Start importing Assets/Models/Player/Paladin_MAT.mat using Guid(a897e643f0ee449d9baf18b86a7fd125) Importer(815301076,1909f56bfc062723c751e8b465ee728b)  -> (artifact id: '502ccea4fc4a06cbbb7b2689016322fa') in 0.209934 seconds 
  Import took 0.283898 seconds .

========================================================================
Received Import Request.
  Time since last request: 0.000288 seconds.
  path: Assets/Models/Player/paladin_prop_j_nordstrom.fbx
  artifactKey: Guid(14dffa6f3beb045eb81bc436a8577ed5) Importer(815301076,1909f56bfc062723c751e8b465ee728b)
Start importing Assets/Models/Player/paladin_prop_j_nordstrom.fbx using Guid(14dffa6f3beb045eb81bc436a8577ed5) Importer(815301076,1909f56bfc062723c751e8b465ee728b)  -> (artifact id: '33fed1efbb8a0f3d1cdaa7ca8c0cd478') in 0.098928 seconds 
  Import took 0.195452 seconds .

========================================================================
Received Import Request.
  Time since last request: 6765.269366 seconds.
  path: Assets/Models/Enemy
  artifactKey: Guid(23206e80a88984a08b6caf233aac06df) Importer(815301076,1909f56bfc062723c751e8b465ee728b)
Start importing Assets/Models/Enemy using Guid(23206e80a88984a08b6caf233aac06df) Importer(815301076,1909f56bfc062723c751e8b465ee728b)  -> (artifact id: 'f17c74a6c94027b3babf913566ebd03d') in 0.037941 seconds 
  Import took 0.127444 seconds .

========================================================================
Received Import Request.
  Time since last request: 0.000267 seconds.
  path: Assets/Models/Enemy/vampire_a_lusth.fbx
  artifactKey: Guid(a09d26e9f270c467d9bfcbe12e0ef4c1) Importer(815301076,1909f56bfc062723c751e8b465ee728b)
Start importing Assets/Models/Enemy/vampire_a_lusth.fbx using Guid(a09d26e9f270c467d9bfcbe12e0ef4c1) Importer(815301076,1909f56bfc062723c751e8b465ee728b)  -> (artifact id: '87b7797daa60aa4e1be406e96bb15e29') in 1.683156 seconds 
  Import took 1.774776 seconds .

========================================================================
Received Import Request.
  Time since last request: 39.808517 seconds.
  path: Assets/Models/Enemy/vampire_a_lusth.fbx
  artifactKey: Guid(a09d26e9f270c467d9bfcbe12e0ef4c1) Importer(815301076,1909f56bfc062723c751e8b465ee728b)
Start importing Assets/Models/Enemy/vampire_a_lusth.fbx using Guid(a09d26e9f270c467d9bfcbe12e0ef4c1) Importer(815301076,1909f56bfc062723c751e8b465ee728b)  -> (artifact id: '3dbbed273acef6a9f07b3a790607e4e3') in 0.138806 seconds 
  Import took 0.244921 seconds .

========================================================================
Received Import Request.
  Time since last request: 0.000267 seconds.
  path: Assets/Models/Enemy/Vampire_emission.png
  artifactKey: Guid(3b474da8598b94663817af61b594b52e) Importer(815301076,1909f56bfc062723c751e8b465ee728b)
Start importing Assets/Models/Enemy/Vampire_emission.png using Guid(3b474da8598b94663817af61b594b52e) Importer(815301076,1909f56bfc062723c751e8b465ee728b)  -> (artifact id: '4bd0ad87ef65b093d421a73a41f1024b') in 0.377659 seconds 
  Import took 0.504969 seconds .

========================================================================
Received Import Request.
  Time since last request: 0.000250 seconds.
  path: Assets/Models/Enemy/Vampire_diffuse.png
  artifactKey: Guid(4a3566f69ee1644e9a41e6e9f382ae00) Importer(815301076,1909f56bfc062723c751e8b465ee728b)
Start importing Assets/Models/Enemy/Vampire_diffuse.png using Guid(4a3566f69ee1644e9a41e6e9f382ae00) Importer(815301076,1909f56bfc062723c751e8b465ee728b)  -> (artifact id: '8eb59d9a8f0b1d5731054015e1c3119c') in 0.316253 seconds 
  Import took 0.507099 seconds .

========================================================================
Received Import Request.
  Time since last request: 0.000300 seconds.
  path: Assets/Models/Enemy/Vampire_normal.png
  artifactKey: Guid(26c1252809eb445c29a0e70ffcaf2e69) Importer(815301076,1909f56bfc062723c751e8b465ee728b)
Start importing Assets/Models/Enemy/Vampire_normal.png using Guid(26c1252809eb445c29a0e70ffcaf2e69) Importer(815301076,1909f56bfc062723c751e8b465ee728b)  -> (artifact id: '2b5c2e3c2737349031854bff13999fdd') in 0.577828 seconds 
  Import took 0.707349 seconds .

========================================================================
Received Import Request.
  Time since last request: 0.000238 seconds.
  path: Assets/Models/Enemy/Vampire_specular.png
  artifactKey: Guid(97888f95e61da4490a5097cf66ef09df) Importer(815301076,1909f56bfc062723c751e8b465ee728b)
Start importing Assets/Models/Enemy/Vampire_specular.png using Guid(97888f95e61da4490a5097cf66ef09df) Importer(815301076,1909f56bfc062723c751e8b465ee728b)  -> (artifact id: '16bd1f4088240f3cbcece5816e3809b2') in 0.245854 seconds 
  Import took 0.526985 seconds .

========================================================================
Received Import Request.
  Time since last request: 22.965989 seconds.
  path: Assets/Models/Enemy/vampire_a_lusth.fbx
  artifactKey: Guid(a09d26e9f270c467d9bfcbe12e0ef4c1) Importer(815301076,1909f56bfc062723c751e8b465ee728b)
Start importing Assets/Models/Enemy/vampire_a_lusth.fbx using Guid(a09d26e9f270c467d9bfcbe12e0ef4c1) Importer(815301076,1909f56bfc062723c751e8b465ee728b)  -> (artifact id: '2d4ab08cf59bd2518c3b638d5ffaa233') in 0.573560 seconds 
  Import took 0.599960 seconds .

========================================================================
Received Import Request.
  Time since last request: 0.000237 seconds.
  path: Assets/Models/Enemy/Vampire_MAT.mat
  artifactKey: Guid(5f3a34a82c9f84d0584e7c0be7ca28bd) Importer(815301076,1909f56bfc062723c751e8b465ee728b)
Start importing Assets/Models/Enemy/Vampire_MAT.mat using Guid(5f3a34a82c9f84d0584e7c0be7ca28bd) Importer(815301076,1909f56bfc062723c751e8b465ee728b)  -> (artifact id: '602a17db0613056ccdab1de9428c8232') in 0.072127 seconds 
  Import took 0.096055 seconds .

========================================================================
Received Import Request.
  Time since last request: 2.994492 seconds.
  path: Assets/Models/Enemy/Vampire_normal.png
  artifactKey: Guid(26c1252809eb445c29a0e70ffcaf2e69) Importer(815301076,1909f56bfc062723c751e8b465ee728b)
Start importing Assets/Models/Enemy/Vampire_normal.png using Guid(26c1252809eb445c29a0e70ffcaf2e69) Importer(815301076,1909f56bfc062723c751e8b465ee728b)  -> (artifact id: 'c46713fe61933c42fab4e8b5f7cde81c') in 0.046776 seconds 
  Import took 0.072754 seconds .

========================================================================
Received Import Request.
  Time since last request: 324.867501 seconds.
  path: Assets/Animations/Player
  artifactKey: Guid(089222a90b5334647aee28e659525dcc) Importer(815301076,1909f56bfc062723c751e8b465ee728b)
Start importing Assets/Animations/Player using Guid(089222a90b5334647aee28e659525dcc) Importer(815301076,1909f56bfc062723c751e8b465ee728b)  -> (artifact id: 'bf67335aaf32dbd69e2729103d0aa082') in 0.048601 seconds 
  Import took 0.112487 seconds .

========================================================================
Received Import Request.
  Time since last request: 0.099162 seconds.
  path: Assets/Animations/Player
  artifactKey: Guid(089222a90b5334647aee28e659525dcc) Importer(815301076,1909f56bfc062723c751e8b465ee728b)
Start importing Assets/Animations/Player using Guid(089222a90b5334647aee28e659525dcc) Importer(815301076,1909f56bfc062723c751e8b465ee728b)  -> (artifact id: 'bf67335aaf32dbd69e2729103d0aa082') in 0.008235 seconds 
  Import took 0.068421 seconds .

========================================================================
Received Import Request.
  Time since last request: 0.775342 seconds.
  path: Assets/Animations/Player/Player_Attack
  artifactKey: Guid(0345b0f2be7904958948c1ab933ed5b0) Importer(815301076,1909f56bfc062723c751e8b465ee728b)
Start importing Assets/Animations/Player/Player_Attack using Guid(0345b0f2be7904958948c1ab933ed5b0) Importer(815301076,1909f56bfc062723c751e8b465ee728b)  -> (artifact id: 'b3bcb24c6da9dc9d28089b8358bfc953') in 0.070241 seconds 
  Import took 0.108037 seconds .

