Using pre-set license

 COMMAND LINE ARGUMENTS:
/Applications/Unity/Hub/Editor/2020.3.15f2/Unity.app/Contents/MacOS/Unity
-adb2
-batchMode
-noUpm
-name
AssetImportWorker5
-projectPath
/Users/melissawhisky/Desktop/Unity projects/ActionRPG
-logFile
Logs/AssetImportWorker5.log
-srvPort
50388
Successfully changed project path to: /Users/melissawhisky/Desktop/Unity projects/ActionRPG
/Users/melissawhisky/Desktop/Unity projects/ActionRPG
Using Asset Import Pipeline V2.
Refreshing native plugins compatible for Editor in 2244.34 ms, found 2 plugins.
Preloading 0 native plugins for Editor in 0.00 ms.
Initialize engine version: 2020.3.15f2 (6cf78cb77498)
[Subsystems] Discovering subsystems at path /Applications/Unity/Hub/Editor/2020.3.15f2/Unity.app/Contents/Resources/UnitySubsystems
[Subsystems] Discovering subsystems at path /Users/melissawhisky/Desktop/Unity projects/ActionRPG/Assets
GfxDevice: creating device client; threaded=0
2021-09-07 19:31:52.642 Unity[45768:11654214] iMac preferred device: AMD Radeon Pro 555X (high power)
2021-09-07 19:31:52.643 Unity[45768:11654214] Metal devices available: 1
2021-09-07 19:31:52.643 Unity[45768:11654214] 0: AMD Radeon Pro 555X (high power)
2021-09-07 19:31:52.643 Unity[45768:11654214] Using device AMD Radeon Pro 555X (high power)
Initializing Metal device caps: AMD Radeon Pro 555X
Initialize mono
Mono path[0] = '/Applications/Unity/Hub/Editor/2020.3.15f2/Unity.app/Contents/Managed'
Mono path[1] = '/Applications/Unity/Hub/Editor/2020.3.15f2/Unity.app/Contents/MonoBleedingEdge/lib/mono/unityjit'
Mono config path = '/Applications/Unity/Hub/Editor/2020.3.15f2/Unity.app/Contents/MonoBleedingEdge/etc'
Using monoOptions --debugger-agent=transport=dt_socket,embedding=1,server=y,suspend=n,address=127.0.0.1:56768
Begin MonoManager ReloadAssembly
